make all --print-data-base --no-builtin-variables --no-builtin-rules --question
# GNU Make 3.81
# Copyright (C) 2006  Free Software Foundation, Inc.
# This is free software; see the source for copying conditions.
# There is NO warranty; not even for MERCHANTABILITY or FITNESS FOR A
# PARTICULAR PURPOSE.

# This program built for i386-apple-darwin11.3.0
 

# Make data base, printed on Sat Aug 13 18:30:58 2022

# Variables

# automatic
<D = $(patsubst %/,%,$(dir $<))
# automatic
?F = $(notdir $?)
# makefile (from `Makefile', line 22)
SRC = $(addprefix $(SRC_DIR), $(SRCS_FILES))
# automatic
?D = $(patsubst %/,%,$(dir $?))
# automatic
@D = $(patsubst %/,%,$(dir $@))
# automatic
@F = $(notdir $@)
# makefile
CURDIR := /Users/rkedida/Documents/minishell
# makefile
SHELL = /bin/sh
# environment
VSCODE_NLS_CONFIG = {"locale":"en-gb","availableLanguages":{},"_languagePackSupport":true}
# environment
_ = /usr/bin/make
# makefile (from `Makefile', line 15)
CFLAGS = 
# makefile (from `Makefile', line 32)
BLUE = \033[34;1m
# makefile (from `Makefile', line 1)
MAKEFILE_LIST :=  Makefile
# makefile (from `Makefile', line 17)
OBJ_DIR = ./obj/
# makefile (from `Makefile', line 25)
OBJS = $(OBJS_FILES:.c=.o)
# environment
VSCODE_CWD = /
# environment
PATH = /Users/rkedida/goinfre/.brew/bin:/Users/rkedida/goinfre/.brew/bin:/Users/rkedida/goinfre/.brew/bin:/Users/rkedida/goinfre/.brew/bin:/Users/rkedida/goinfre/.brew/bin:/Users/rkedida/goinfre/.brew/bin:/Users/rkedida/goinfre/.brew/bin:/Users/rkedida/Library/Python/3.9/bin:/usr/local/bin:/usr/bin:/bin:/usr/sbin:/sbin:/usr/local/munki
# makefile (from `Makefile', line 27)
BOLD = \033[1m
# environment
LSCOLORS = Gxfxcxdxbxegedabagacad
# environment
ELECTRON_RUN_AS_NODE = 1
# default
.FEATURES := target-specific order-only second-expansion else-if archives jobserver check-symlink
# environment
SSH_AUTH_SOCK = /private/tmp/com.apple.launchd.N5oP5dVhDU/Listeners
# automatic
%F = $(notdir $%)
# makefile (from `Makefile', line 21)
SRCS_FILES = main.c
# environment
PWD = /Users/rkedida/Documents/minishell
# environment
ORIGINAL_XDG_CURRENT_DESKTOP = undefined
# makefile (from `Makefile', line 30)
GREEN = \033[32;1m
# environment
VSCODE_AMD_ENTRYPOINT = vs/workbench/api/node/extensionHostProcess
# environment
HOME = /Users/rkedida
# default
MAKEFILEPATH := /Applications/Xcode.app/Contents/Developer/Makefiles
# environment
VSCODE_CODE_CACHE_PATH = /Users/rkedida/Library/Application Support/Code/CachedData/b06ae3b2d2dbfe28bca3134cc6be65935cdfea6a
# environment
LOGNAME = rkedida
# environment
APPLICATION_INSIGHTS_NO_DIAGNOSTIC_CHANNEL = 1
# makefile (from `Makefile', line 16)
HEADERS = -I ./includes
# environment
ZSH = /Users/rkedida/.oh-my-zsh
# environment
VSCODE_HANDLES_UNCAUGHT_ERRORS = true
# automatic
^D = $(patsubst %/,%,$(dir $^))
# environment
XPC_FLAGS = 0x0
# default
MAKE = $(MAKE_COMMAND)
# default
MAKECMDGOALS := all
# environment
SHLVL = 1
# makefile (from `Makefile', line 35)
WHITE = \033[37;1m
# makefile (from `Makefile', line 18)
LIBFT = ./libft/libft.a
# default
MAKE_VERSION := 3.81
# environment
USER = rkedida
# makefile
.DEFAULT_GOAL := all
# makefile (from `Makefile', line 13)
NAME = minishell
# environment
LESS = -R
# automatic
%D = $(patsubst %/,%,$(dir $%))
# default
MAKE_COMMAND := /Applications/Xcode.app/Contents/Developer/usr/bin/make
# default
.VARIABLES := 
# environment
TMPDIR = /var/folders/zz/zyxvpxvq6csfxvn_n000ccp400335j/T/
# automatic
*F = $(notdir $*)
# environment
VSCODE_IPC_HOOK = /Users/rkedida/Library/Application Support/Code/1.69.1-main.sock
# environment
MallocNanoZone = 0
# makefile (from `Makefile', line 29)
RED = \033[31;1m
# makefile
MAKEFLAGS = Rrqp
# environment
MFLAGS = -Rrqp
# automatic
*D = $(patsubst %/,%,$(dir $*))
# makefile (from `Makefile', line 28)
BLACK = \033[30;1m
# environment
XPC_SERVICE_NAME = com.microsoft.VSCode.2104
# automatic
+D = $(patsubst %/,%,$(dir $+))
# makefile (from `Makefile', line 31)
YELLOW = \033[33;1m
# makefile (from `Makefile', line 34)
CYAN = \033[36;1m
# automatic
+F = $(notdir $+)
# environment
__CF_USER_TEXT_ENCODING = 0x18CB1:0x0:0x3
# default
MAKEFILES := 
# makefile (from `Makefile', line 20)
SRC_DIR = ./src/
# automatic
<F = $(notdir $<)
# makefile (from `Makefile', line 24)
OBJS_FILES = $(addprefix $(OBJ_DIR), $(SRCS_FILES))
# environment
PAGER = less
# environment
LC_ALL = C
# makefile (from `Makefile', line 36)
RESET = \033[0m
# automatic
^F = $(notdir $^)
# default
SUFFIXES := 
# default
.INCLUDE_DIRS = /usr/local/include
# makefile (from `Makefile', line 33)
MAGENTA = \033[35;1m
# environment
MAKELEVEL := 0
# environment
LANG = C
# environment
VSCODE_PID = 10458
# variable set hash-table stats:
# Load=80/1024=8%, Rehash=0, Collisions=4/119=3%

# Pattern-specific Variable Values

# No pattern-specific variable values.

# Directories

# . (device 16777225, inode 2168005): 9 files, no impossibilities.
# ./src (device 16777225, inode 2168121): No files, no impossibilities so far.

# 9 files, no impossibilities in 2 directories.

# Implicit Rules

obj/%.o: ./src/%.c
#  commands to execute (from `Makefile', line 46):
	@$(CC) $(CFLAGS) $(HEADERS) -c $< -o $@ && printf "$(GREEN)$(BOLD)\rCompiling: $(notdir $<)\r\e[35C[OK]\n$(RESET)"
	

obj/%.o: %.c
#  commands to execute (from `Makefile', line 49):
	@$(CC) $(CFLAGS) $(HEADERS) -c $< -o $@ && printf "$(GREEN)$(BOLD)\rCompiling: $(notdir $<)\r\e[35C[OK]\n$(RESET)"
	

# 2 implicit rules, 0 (0.0%) terminal.

# Files

all,:
#  Phony target (prerequisite of .PHONY).
#  Implicit rule search has not been done.
#  File does not exist.
#  File has not been updated.

all: minishell
#  Command-line target.
#  Implicit rule search has been done.
#  File does not exist.
#  File has been updated.
#  Needs to be updated (-q is set).
# variable set hash-table stats:
# Load=0/32=0%, Rehash=0, Collisions=0/3=0%

.PHONY: all, clean, fclean, re, libmlx, libft
#  Implicit rule search has not been done.
#  Modification time never checked.
#  File has not been updated.

libft:
#  Phony target (prerequisite of .PHONY).
#  Implicit rule search has not been done.
#  File does not exist.
#  File has not been updated.

git:
#  Implicit rule search has not been done.
#  Modification time never checked.
#  File has not been updated.
#  commands to execute (from `Makefile', line 59):
	git add .
	git commit -m "Update"
	git push
	

# Not a target:
obj/main.o:
#  Implicit rule search has not been done.
#  Modification time never checked.
#  File has not been updated.

# Not a target:
.SUFFIXES:
#  Implicit rule search has not been done.
#  Modification time never checked.
#  File has not been updated.

# Not a target:
Makefile:
#  Implicit rule search has been done.
#  Last modified 2022-08-13 18:30:45
#  File has been updated.
#  Successfully updated.
# variable set hash-table stats:
# Load=0/32=0%, Rehash=0, Collisions=0/0=0%

fclean,:
#  Phony target (prerequisite of .PHONY).
#  Implicit rule search has not been done.
#  File does not exist.
#  File has not been updated.

minishell: obj obj/main.o
#  Implicit rule search has not been done.
#  File does not exist.
#  File has been updated.
#  Needs to be updated (-q is set).
# variable set hash-table stats:
# Load=0/32=0%, Rehash=0, Collisions=0/3=0%
#  commands to execute (from `Makefile', line 52):
	@make -C ./libft --silent
	@$(CC) -lreadline $(HEADERS) $(CFLAGS) $(LIBFT) $(OBJS) -o $(NAME)
	

libmlx,:
#  Phony target (prerequisite of .PHONY).
#  Implicit rule search has not been done.
#  File does not exist.
#  File has not been updated.

fclean: clean
#  Implicit rule search has not been done.
#  Modification time never checked.
#  File has not been updated.
#  commands to execute (from `Makefile', line 69):
	@make fclean -C ./libft --silent
	@rm -f $(NAME)
	@rm -f $(BONUS)
	

obj:
#  Implicit rule search has not been done.
#  Implicit/static pattern stem: `'
#  File does not exist.
#  File has been updated.
#  Needs to be updated (-q is set).
# automatic
# @ := obj
# automatic
# % := 
# automatic
# * := 
# automatic
# + := 
# automatic
# | := 
# automatic
# < := 
# automatic
# ^ := 
# automatic
# ? := 
# variable set hash-table stats:
# Load=8/32=25%, Rehash=0, Collisions=1/11=9%
#  commands to execute (from `Makefile', line 43):
	@mkdir -p $(OBJ_DIR)
	

norm:
#  Implicit rule search has not been done.
#  Modification time never checked.
#  File has not been updated.
#  commands to execute (from `Makefile', line 56):
	@norminette
	

# Not a target:
.DEFAULT:
#  Implicit rule search has not been done.
 
#  Modification time never checked.
#  File has not been updated.

re,:
#  Phony target (prerequisite of .PHONY).
#  Implicit rule search has not been done.
#  File does not exist.
#  File has not been updated.

clean,:
#  Phony target (prerequisite of .PHONY).
#  Implicit rule search has not been done.
#  File does not exist.
#  File has not been updated.

re: clean all
#  Implicit rule search has not been done.
#  Modification time never checked.
#  File has not been updated.

clean:
#  Implicit rule search has not been done.
#  Modification time never checked.
#  File has not been updated.
#  commands to execute (from `Makefile', line 64):
	@make clean -C ./libft --silent
	@rm -f $(OBJS)
	@rm -rf $(OBJ_DIR)
	

# files hash-table stats:
# Load=19/1024=2%, Rehash=0, Collisions=0/45=0%
# VPATH Search Paths

# No `vpath' search paths.

# No general (`VPATH' variable) search path.

# # of strings in strcache: 1
# # of strcache buffers: 1
# strcache size: total = 4096 / max = 4096 / min = 4096 / avg = 4096
# strcache free: total = 4087 / max = 4087 / min = 4087 / avg = 4087

# Finished Make data base on Sat Aug 13 18:30:58 2022

 
